2020-07-01 14:52:39,827 INFO o.s.b.StartupInfoLogger [main] Starting CamelBootEx1Application on DESKTOP-JOUT91I with PID 30668 (C:\spring-tool-suite-4-4.5.1.RELEASE-e4.14.0-win32.win32.x86_64.self-extracting\sts-4.5.1.RELEASE\workspace\camel_boot_ex-1\target\classes started by chamy in C:\spring-tool-suite-4-4.5.1.RELEASE-e4.14.0-win32.win32.x86_64.self-extracting\sts-4.5.1.RELEASE\workspace\camel_boot_ex-1)
2020-07-01 14:52:39,835 INFO o.s.b.SpringApplication [main] The following profiles are active: test
2020-07-01 14:52:40,850 INFO o.s.b.w.e.t.TomcatWebServer [main] Tomcat initialized with port(s): 0 (http)
2020-07-01 14:52:40,873 INFO o.a.j.l.DirectJDKLog [main] Initializing ProtocolHandler ["http-nio-auto-1"]
2020-07-01 14:52:40,873 INFO o.a.j.l.DirectJDKLog [main] Starting service [Tomcat]
2020-07-01 14:52:40,874 INFO o.a.j.l.DirectJDKLog [main] Starting Servlet engine: [Apache Tomcat/9.0.36]
2020-07-01 14:52:40,954 INFO o.a.j.l.DirectJDKLog [main] Initializing Spring embedded WebApplicationContext
2020-07-01 14:52:40,954 INFO o.s.b.w.s.c.ServletWebServerApplicationContext [main] Root WebApplicationContext: initialization completed in 1081 ms
2020-07-01 14:52:41,327 INFO o.s.s.c.ExecutorConfigurationSupport [main] Initializing ExecutorService 'applicationTaskExecutor'
2020-07-01 14:52:41,559 INFO o.s.b.a.e.w.EndpointLinksResolver [main] Exposing 2 endpoint(s) beneath base path '/actuator'
2020-07-01 14:52:41,578 INFO o.a.j.l.DirectJDKLog [main] Starting ProtocolHandler ["http-nio-auto-1"]
2020-07-01 14:52:41,597 INFO o.s.b.w.e.t.TomcatWebServer [main] Tomcat started on port(s): 61643 (http) with context path ''
2020-07-01 14:52:41,598 INFO c.c.c.PortListener [main] ServletWebServerInitializedEvent port number check!! : 61643
2020-07-01 14:52:41,609 INFO o.s.b.StartupInfoLogger [main] Started CamelBootEx1Application in 2.206 seconds (JVM running for 3.325)
2020-07-01 14:52:41,613 INFO c.c.c.RunnerSample [main] =====================
2020-07-01 14:52:41,624 INFO c.c.c.RunnerSample [main] hyunho test
2020-07-01 14:52:41,624 INFO c.c.c.RunnerSample [main] chahyunho
2020-07-01 14:52:41,625 INFO c.c.c.RunnerSample [main] 36
2020-07-01 14:52:41,625 INFO c.c.c.RunnerSample [main] =====================
2020-07-01 14:52:41,625 INFO c.c.c.RunnerSample [main] =====================
2020-07-01 14:52:41,625 INFO c.c.c.RunnerSample [main] 프로파일 테스트
2020-07-01 14:52:41,625 INFO c.c.c.RunnerSample [main] hello test
2020-07-01 14:52:41,625 INFO c.c.c.RunnerSample [main] =====================
